<?xml version="1.0" encoding="UTF-8"?>
<!-- Generated by org.testng.reporters.JUnitReportReporter -->
<testsuite hostname="Spyboy" failures="0" tests="1" name="test.AdditionTest" time="1.003" errors="0" timestamp="2024-05-14T10:51:29 IST" skipped="0">
  <testcase classname="test.AdditionTest" name="negativeTest" time="1.003"/>
  <system-out/>
</testsuite> <!-- test.AdditionTest -->
